<?xml version="1.0" encoding="UTF-8"?>
<testsuite xmlns:xsi="http://www.w3.org/2001/XMLSchema-instance" xsi:noNamespaceSchemaLocation="https://maven.apache.org/surefire/maven-surefire-plugin/xsd/surefire-test-report-3.0.xsd" version="3.0" name="com.epam.task.RecursiveSearchTest" time="0.015" tests="2" errors="0" skipped="0" failures="0">
  <properties>
[...]
</properties>
  <testcase name="testNumberNotFound" classname="com.epam.task.RecursiveSearchTest" time="0.0">
    <system-out><![CDATA[17:14:54.134 [main] INFO  com.epam.task.RecursiveSearch - Instantiating RecursiveBinarySearch
17:14:54.134 [main] INFO  com.epam.task.RecursiveSearch - Searching number: 11
]]></system-out>
  </testcase>
  <testcase name="testNumberFound" classname="com.epam.task.RecursiveSearchTest" time="0.0">
    <system-out><![CDATA[17:14:54.134 [main] INFO  com.epam.task.RecursiveSearch - Searching number: 4
]]></system-out>
  </testcase>
</testsuite>